<?xml version="1.0"?><testcount>131</testcount>
