<?xml version="1.0"?><testcount>72</testcount>
