<?xml version="1.0"?><testcount>128</testcount>
