<?xml version="1.0"?><testcount>93</testcount>
