<?xml version="1.0"?><testcount>126</testcount>
